<?xml version="1.0" encoding="UTF-8"?>
<testng-results ignored="0" total="1" passed="1" failed="0" skipped="0">
  <reporter-output>
  </reporter-output>
  <suite started-at="2022-10-06T16:13:05 IST" name="Suite" finished-at="2022-10-06T16:13:07 IST" duration-ms="1792">
    <groups>
    </groups>
    <test started-at="2022-10-06T16:13:05 IST" name="Test" finished-at="2022-10-06T16:13:07 IST" duration-ms="1792">
      <class name="LexDemo.Demo01">
        <test-method signature="test01()[pri:0, instance:LexDemo.Demo01@24fcf36f]" started-at="2022-10-06T16:13:05 IST" name="test01" finished-at="2022-10-06T16:13:07 IST" duration-ms="1765" status="PASS">
          <reporter-output>
          </reporter-output>
        </test-method> <!-- test01 -->
      </class> <!-- LexDemo.Demo01 -->
    </test> <!-- Test -->
  </suite> <!-- Suite -->
</testng-results>
