<?xml version="1.0" encoding="UTF-8"?>
<testng-results ignored="0" total="1" passed="1" failed="0" skipped="0">
  <reporter-output>
  </reporter-output>
  <suite started-at="2022-10-22T18:51:02 IST" name="Default suite" finished-at="2022-10-22T18:51:02 IST" duration-ms="39">
    <groups>
    </groups>
    <test started-at="2022-10-22T18:51:02 IST" name="Default test" finished-at="2022-10-22T18:51:02 IST" duration-ms="39">
      <class name="stepbystep.Test_PUT01">
        <test-method signature="test()[pri:0, instance:stepbystep.Test_PUT01@16610890]" started-at="2022-10-22T18:51:02 IST" name="test" finished-at="2022-10-22T18:51:02 IST" duration-ms="8" status="PASS">
          <reporter-output>
          </reporter-output>
        </test-method> <!-- test -->
      </class> <!-- stepbystep.Test_PUT01 -->
    </test> <!-- Default test -->
  </suite> <!-- Default suite -->
</testng-results>
